[1m[92m    Updating[0m crates.io index
[1m[92m     Locking[0m 439 packages to latest compatible versions
[1m[92m      Adding[0m cpal v0.15.3 [1m[33m(available: v0.18.1)[0m
[1m[92m      Adding[0m eframe v0.29.1 [1m[33m(available: v0.35.0)[0m
[1m[92m      Adding[0m egui v0.29.1 [1m[33m(available: v0.35.0)[0m
[1m[92m      Adding[0m generic-array v0.14.7 [1m[33m(available: v0.14.9)[0m
[1m[92m Downloading[0m crates ...
[1m[92m  Downloaded[0m cgl v0.3.2
[1m[92m  Downloaded[0m dispatch v0.2.0
[1m[92m  Downloaded[0m gpu-alloc v0.6.2
[1m[92m  Downloaded[0m lock_api v0.4.14
[1m[92m  Downloaded[0m accesskit_winit v0.22.4
[1m[92m  Downloaded[0m bit-vec v0.7.0
[1m[92m  Downloaded[0m bytemuck_derive v1.11.0
[1m[92m  Downloaded[0m ab_glyph_rasterizer v0.1.10
[1m[92m  Downloaded[0m accesskit v0.16.3
[1m[92m  Downloaded[0m accesskit_consumer v0.24.3
[1m[92m  Downloaded[0m accesskit_macos v0.17.4
[1m[92m  Downloaded[0m autocfg v1.5.1
[1m[92m  Downloaded[0m bit-set v0.6.0
[1m[92m  Downloaded[0m bitflags v1.3.2
[1m[92m  Downloaded[0m bytemuck v1.25.1
[1m[92m  Downloaded[0m byteorder-lite v0.1.0
[1m[92m  Downloaded[0m owned_ttf_parser v0.25.1
[1m[92m  Downloaded[0m renderdoc-sys v1.1.0
[1m[92m  Downloaded[0m synstructure v0.13.2
[1m[92m  Downloaded[0m thiserror-impl v1.0.69
[1m[92m  Downloaded[0m unicode-ident v1.0.24
[1m[92m  Downloaded[0m utf8_iter v1.0.4
[1m[92m  Downloaded[0m ab_glyph v0.2.32
[1m[92m  Downloaded[0m adler2 v2.0.1
[1m[92m  Downloaded[0m ahash v0.8.12
[1m[92m  Downloaded[0m aho-corasick v1.1.4
[1m[92m  Downloaded[0m arboard v3.6.1
[1m[92m  Downloaded[0m arrayvec v0.7.8
[1m[92m  Downloaded[0m bitflags v2.13.0
[1m[92m  Downloaded[0m block v0.1.6
[1m[92m  Downloaded[0m block2 v0.5.1
[1m[92m  Downloaded[0m cexpr v0.6.0
[1m[92m  Downloaded[0m cfg-if v1.0.4
[1m[92m  Downloaded[0m cfg_aliases v0.1.1
[1m[92m  Downloaded[0m cfg_aliases v0.2.1
[1m[92m  Downloaded[0m clang-sys v1.8.1
[1m[92m  Downloaded[0m codespan-reporting v0.11.1
[1m[92m  Downloaded[0m core-foundation v0.9.4
[1m[92m  Downloaded[0m core-foundation v0.10.1
[1m[92m  Downloaded[0m core-foundation-sys v0.8.7
[1m[92m  Downloaded[0m core-graphics v0.23.2
[1m[92m  Downloaded[0m cpal v0.15.3
[1m[92m  Downloaded[0m cursor-icon v1.2.0
[1m[92m  Downloaded[0m dasp_sample v0.11.0
[1m[92m  Downloaded[0m displaydoc v0.2.6
[1m[92m  Downloaded[0m document-features v0.2.12
[1m[92m  Downloaded[0m dpi v0.1.2
[1m[92m  Downloaded[0m ecolor v0.29.1
[1m[92m  Downloaded[0m egui-wgpu v0.29.1
[1m[92m  Downloaded[0m equivalent v1.0.2
[1m[92m  Downloaded[0m fdeflate v0.3.7
[1m[92m  Downloaded[0m foreign-types v0.5.0
[1m[92m  Downloaded[0m foreign-types-macros v0.2.3
[1m[92m  Downloaded[0m glutin-winit v0.5.0
[1m[92m  Downloaded[0m gpu-descriptor v0.3.2
[1m[92m  Downloaded[0m gpu-descriptor-types v0.2.0
[1m[92m  Downloaded[0m idna_adapter v1.2.2
[1m[92m  Downloaded[0m malloc_buf v0.0.6
[1m[92m  Downloaded[0m memoffset v0.9.1
[1m[92m  Downloaded[0m objc2-quartz-core v0.2.2
[1m[92m  Downloaded[0m once_cell v1.21.4
[1m[92m  Downloaded[0m parking_lot v0.12.5
[1m[92m  Downloaded[0m parking_lot_core v0.9.12
[1m[92m  Downloaded[0m paste v1.0.15
[1m[92m  Downloaded[0m percent-encoding v2.3.2
[1m[92m  Downloaded[0m pin-project-lite v0.2.17
[1m[92m  Downloaded[0m rustc-hash v2.1.3
[1m[92m  Downloaded[0m static_assertions v1.1.0
[1m[92m  Downloaded[0m termcolor v1.4.1
[1m[92m  Downloaded[0m tinystr v0.8.3
[1m[92m  Downloaded[0m url v2.5.8
[1m[92m  Downloaded[0m ash v0.38.0+1.3.281
[1m[92m  Downloaded[0m core-graphics-types v0.1.3
[1m[92m  Downloaded[0m coreaudio-sys v0.2.18
[1m[92m  Downloaded[0m crc32fast v1.5.0
[1m[92m  Downloaded[0m egui-winit v0.29.1
[1m[92m  Downloaded[0m egui_glow v0.29.1
[1m[92m  Downloaded[0m emath v0.29.1
[1m[92m  Downloaded[0m foldhash v0.1.5
[1m[92m  Downloaded[0m foreign-types-shared v0.3.1
[1m[92m  Downloaded[0m form_urlencoded v1.2.2
[1m[92m  Downloaded[0m getrandom v0.3.4
[1m[92m  Downloaded[0m glob v0.3.3
[1m[92m  Downloaded[0m gpu-alloc-types v0.3.1
[1m[92m  Downloaded[0m hexf-parse v0.2.1
[1m[92m  Downloaded[0m khronos-egl v6.0.0
[1m[92m  Downloaded[0m libloading v0.8.9
[1m[92m  Downloaded[0m litemap v0.8.2
[1m[92m  Downloaded[0m rustc-hash v1.1.0
[1m[92m  Downloaded[0m tracing-core v0.1.36
[1m[92m  Downloaded[0m coreaudio-rs v0.11.3
[1m[92m  Downloaded[0m either v1.16.0
[1m[92m  Downloaded[0m icu_normalizer v2.2.0
[1m[92m  Downloaded[0m icu_properties v2.2.0
[1m[92m  Downloaded[0m litrs v1.0.0
[1m[92m  Downloaded[0m log v0.4.33
[1m[92m  Downloaded[0m miniz_oxide v0.8.9
[1m[92m  Downloaded[0m web-time v1.1.0
[1m[92m  Downloaded[0m webbrowser v1.2.1
[1m[92m  Downloaded[0m bindgen v0.72.1
[1m[92m  Downloaded[0m dispatch2 v0.3.1
[1m[92m  Downloaded[0m eframe v0.29.1
[1m[92m  Downloaded[0m epaint v0.29.1
[1m[92m  Downloaded[0m glutin v0.32.3
[1m[92m  Downloaded[0m icu_collections v2.2.0
[1m[92m  Downloaded[0m icu_normalizer_data v2.2.0
[1m[92m  Downloaded[0m icu_provider v2.2.0
[1m[92m  Downloaded[0m objc2-metal v0.2.2
[1m[92m  Downloaded[0m potential_utf v0.1.5
[1m[92m  Downloaded[0m flate2 v1.1.9
[1m[92m  Downloaded[0m indexmap v2.14.0
[1m[92m  Downloaded[0m mach2 v0.4.3
[1m[92m  Downloaded[0m memchr v2.8.3
[1m[92m  Downloaded[0m hashbrown v0.17.1
[1m[92m  Downloaded[0m immutable-chunkmap v2.1.3
[1m[92m  Downloaded[0m minimal-lexical v0.2.1
[1m[92m  Downloaded[0m glow v0.13.1
[1m[92m  Downloaded[0m idna v1.1.0
[1m[92m  Downloaded[0m hashbrown v0.15.5
[1m[92m  Downloaded[0m icu_locale_core v2.2.0
[1m[92m  Downloaded[0m objc2-io-surface v0.3.2
[1m[92m  Downloaded[0m icu_properties_data v2.2.0
[1m[92m  Downloaded[0m glow v0.14.2
[1m[92m  Downloaded[0m itertools v0.13.0
[1m[92m  Downloaded[0m type-map v0.5.1
[1m[92m  Downloaded[0m unicode-xid v0.2.6
[1m[92m  Downloaded[0m version_check v0.9.5
[1m[92m  Downloaded[0m zerofrom-derive v0.1.7
[1m[92m  Downloaded[0m profiling v1.0.18
[1m[92m  Downloaded[0m scopeguard v1.2.0
[1m[92m  Downloaded[0m smol_str v0.2.2
[1m[92m  Downloaded[0m objc2-core-foundation v0.3.2
[1m[92m  Downloaded[0m egui v0.29.1
[1m[92m  Downloaded[0m image v0.25.10
[1m[92m  Downloaded[0m objc2-foundation v0.3.2
[1m[92m  Downloaded[0m thiserror v1.0.69
[1m[92m  Downloaded[0m ttf-parser v0.25.1
[1m[92m  Downloaded[0m yoke-derive v0.8.2
[1m[92m  Downloaded[0m zerofrom v0.1.8
[1m[92m  Downloaded[0m nohash-hasher v0.2.0
[1m[92m  Downloaded[0m objc-sys v0.3.5
[1m[92m  Downloaded[0m pkg-config v0.3.33
[1m[92m  Downloaded[0m raw-window-handle v0.6.2
[1m[92m  Downloaded[0m epaint_default_fonts v0.29.1
[1m[92m  Downloaded[0m libc v0.2.186
[1m[92m  Downloaded[0m spirv v0.3.0+sdk-1.3.268.0
[1m[92m  Downloaded[0m stable_deref_trait v1.2.1
[1m[92m  Downloaded[0m tracing-attributes v0.1.31
[1m[92m  Downloaded[0m zerovec-derive v0.11.3
[1m[92m  Downloaded[0m shlex v1.3.0
[1m[92m  Downloaded[0m simd-adler32 v0.3.9
[1m[92m  Downloaded[0m writeable v0.6.3
[1m[92m  Downloaded[0m objc v0.2.7
[1m[92m  Downloaded[0m objc2-core-data v0.2.2
[1m[92m  Downloaded[0m objc2-core-image v0.2.2
[1m[92m  Downloaded[0m objc2-encode v4.1.0
[1m[92m  Downloaded[0m smallvec v1.15.2
[1m[92m  Downloaded[0m yoke v0.8.3
[1m[92m  Downloaded[0m num-traits v0.2.19
[1m[92m  Downloaded[0m proc-macro2 v1.0.106
[1m[92m  Downloaded[0m quote v1.0.46
[1m[92m  Downloaded[0m serde_derive v1.0.228
[1m[92m  Downloaded[0m wgpu-types v22.0.0
[1m[92m  Downloaded[0m serde_core v1.0.228
[1m[92m  Downloaded[0m serde v1.0.228
[1m[92m  Downloaded[0m zerotrie v0.2.4
[1m[92m  Downloaded[0m objc2-core-graphics v0.3.2
[1m[92m  Downloaded[0m nom v7.1.3
[1m[92m  Downloaded[0m png v0.18.1
[1m[92m  Downloaded[0m wgpu v22.1.0
[1m[92m  Downloaded[0m zerovec v0.11.6
[1m[92m  Downloaded[0m regex v1.13.0
[1m[92m  Downloaded[0m moxcms v0.8.1
[1m[92m  Downloaded[0m wgpu-core v22.1.0
[1m[92m  Downloaded[0m objc2 v0.5.2
[1m[92m  Downloaded[0m objc2-foundation v0.2.2
[1m[92m  Downloaded[0m unicode-width v0.1.14
[1m[92m  Downloaded[0m objc2 v0.6.4
[1m[92m  Downloaded[0m syn v2.0.118
[1m[92m  Downloaded[0m zerocopy v0.8.54
[1m[92m  Downloaded[0m wgpu-hal v22.0.0
[1m[92m  Downloaded[0m regex-syntax v0.8.11
[1m[92m  Downloaded[0m objc2-app-kit v0.2.2
[1m[92m  Downloaded[0m tracing v0.1.44
[1m[92m  Downloaded[0m objc2-app-kit v0.3.2
[1m[92m  Downloaded[0m regex-automata v0.4.15
[1m[92m  Downloaded[0m winit v0.30.13
[1m[92m  Downloaded[0m naga v22.1.0
[1m[92m  Downloaded[0m pxfm v0.1.30
[1m[92m  Downloaded[0m metal v0.29.0
[1m[92m   Compiling[0m proc-macro2 v1.0.106
[1m[92m   Compiling[0m quote v1.0.46
[1m[92m   Compiling[0m unicode-ident v1.0.24
[1m[92m   Compiling[0m libc v0.2.186
[1m[92m    Checking[0m objc2-encode v4.1.0
[1m[92m    Checking[0m bitflags v2.13.0
[1m[92m    Checking[0m stable_deref_trait v1.2.1
[1m[92m    Checking[0m cfg-if v1.0.4
[1m[92m   Compiling[0m cfg_aliases v0.2.1
[1m[92m    Checking[0m smallvec v1.15.2
[1m[92m   Compiling[0m objc-sys v0.3.5
[1m[92m    Checking[0m core-foundation-sys v0.8.7
[1m[92m   Compiling[0m syn v2.0.118
[1m[92m   Compiling[0m objc2 v0.6.4
[1m[92m    Checking[0m writeable v0.6.3
[1m[92m   Compiling[0m glob v0.3.3
[1m[92m    Checking[0m once_cell v1.21.4
[1m[92m    Checking[0m litemap v0.8.2
[1m[92m   Compiling[0m autocfg v1.5.1
[1m[92m   Compiling[0m clang-sys v1.8.1
[1m[92m    Checking[0m objc2 v0.5.2
[1m[92m   Compiling[0m icu_normalizer_data v2.2.0
[1m[92m    Checking[0m utf8_iter v1.0.4
[1m[92m    Checking[0m bitflags v1.3.2
[1m[92m   Compiling[0m icu_properties_data v2.2.0
[1m[92m    Checking[0m block2 v0.5.1
[1m[92m    Checking[0m objc2-core-foundation v0.3.2
[1m[92m   Compiling[0m memchr v2.8.3
[1m[92m   Compiling[0m regex-syntax v0.8.11
[1m[92m   Compiling[0m synstructure v0.13.2
[1m[92m   Compiling[0m version_check v0.9.5
[1m[92m   Compiling[0m minimal-lexical v0.2.1
[1m[92m   Compiling[0m zerocopy v0.8.54
[1m[92m    Checking[0m dispatch v0.2.0
[1m[92m   Compiling[0m parking_lot_core v0.9.12
[1m[92m   Compiling[0m zerofrom-derive v0.1.7
[1m[92m   Compiling[0m yoke-derive v0.8.2
[1m[92m   Compiling[0m zerovec-derive v0.11.3
[1m[92m   Compiling[0m displaydoc v0.2.6
[1m[92m    Checking[0m zerofrom v0.1.8
[1m[92m   Compiling[0m bytemuck_derive v1.11.0
[1m[92m    Checking[0m yoke v0.8.3
[1m[92m    Checking[0m zerovec v0.11.6
[1m[92m    Checking[0m zerotrie v0.2.4
[1m[92m    Checking[0m tinystr v0.8.3
[1m[92m    Checking[0m icu_locale_core v2.2.0
[1m[92m    Checking[0m potential_utf v0.1.5
[1m[92m    Checking[0m icu_collections v2.2.0
[1m[92m    Checking[0m bytemuck v1.25.1
[1m[92m   Compiling[0m foreign-types-macros v0.2.3
[1m[92m    Checking[0m objc2-foundation v0.2.2
[1m[92m   Compiling[0m nom v7.1.3
[1m[92m    Checking[0m icu_provider v2.2.0
[1m[92m   Compiling[0m libloading v0.8.9
[1m[92m   Compiling[0m ahash v0.8.12
[1m[92m   Compiling[0m regex-automata v0.4.15
[1m[92m    Checking[0m core-foundation v0.9.4
[1m[92m   Compiling[0m bindgen v0.72.1
[1m[92m    Checking[0m accesskit v0.16.3
[1m[92m    Checking[0m scopeguard v1.2.0
[1m[92m    Checking[0m ttf-parser v0.25.1
[1m[92m   Compiling[0m either v1.16.0
[1m[92m    Checking[0m foreign-types-shared v0.3.1
[1m[92m    Checking[0m foreign-types v0.5.0
[1m[92m   Compiling[0m itertools v0.13.0
[1m[92m    Checking[0m lock_api v0.4.14
[1m[92m    Checking[0m core-graphics-types v0.1.3
[1m[92m    Checking[0m icu_properties v2.2.0
[1m[92m    Checking[0m objc2-app-kit v0.2.2
[1m[92m    Checking[0m owned_ttf_parser v0.25.1
[1m[92m   Compiling[0m regex v1.13.0
[1m[92m    Checking[0m icu_normalizer v2.2.0
[1m[92m   Compiling[0m cexpr v0.6.0
[1m[92m    Checking[0m emath v0.29.1
[1m[92m    Checking[0m objc2-core-graphics v0.3.2
[1m[92m    Checking[0m objc2-foundation v0.3.2
[1m[92m   Compiling[0m winit v0.30.13
[1m[92m   Compiling[0m rustc-hash v2.1.3
[1m[92m    Checking[0m arrayvec v0.7.8
[1m[92m    Checking[0m ab_glyph_rasterizer v0.1.10
[1m[92m    Checking[0m pin-project-lite v0.2.17
[1m[92m    Checking[0m log v0.4.33
[1m[92m   Compiling[0m crc32fast v1.5.0
[1m[92m    Checking[0m raw-window-handle v0.6.2
[1m[92m    Checking[0m tracing-core v0.1.36
[1m[92m   Compiling[0m shlex v1.3.0
[1m[92m    Checking[0m simd-adler32 v0.3.9
[1m[92m    Checking[0m tracing v0.1.44
[1m[92m    Checking[0m ab_glyph v0.2.32
[1m[92m    Checking[0m immutable-chunkmap v2.1.3
[1m[92m    Checking[0m objc2-app-kit v0.3.2
[1m[92m    Checking[0m parking_lot v0.12.5
[1m[92m    Checking[0m ecolor v0.29.1
[1m[92m    Checking[0m idna_adapter v1.2.2
[1m[92m    Checking[0m core-graphics v0.23.2
[1m[92m   Compiling[0m num-traits v0.2.19
[1m[92m    Checking[0m adler2 v2.0.1
[1m[92m    Checking[0m dpi v0.1.2
[1m[92m    Checking[0m smol_str v0.2.2
[1m[92m    Checking[0m nohash-hasher v0.2.0
[1m[92m    Checking[0m percent-encoding v2.3.2
[1m[92m    Checking[0m epaint_default_fonts v0.29.1
[1m[92m    Checking[0m cursor-icon v1.2.0
[1m[92m    Checking[0m epaint v0.29.1
[1m[92m    Checking[0m form_urlencoded v1.2.2
[1m[92m    Checking[0m miniz_oxide v0.8.9
[1m[92m    Checking[0m idna v1.1.0
[1m[92m    Checking[0m accesskit_consumer v0.24.3
[1m[92m   Compiling[0m memoffset v0.9.1
[1m[92m   Compiling[0m glutin v0.32.3
[1m[92m    Checking[0m osr-core v0.1.0 (/Users/runner/work/OpenSoundRelay/OpenSoundRelay/crates/osr-core)
[1m[92m    Checking[0m accesskit_macos v0.17.4
[1m[92m    Checking[0m flate2 v1.1.9
[1m[92m    Checking[0m url v2.5.8
[1m[92m    Checking[0m egui v0.29.1
[1m[92m    Checking[0m fdeflate v0.3.7
[1m[92m    Checking[0m dispatch2 v0.3.1
[1m[92m    Checking[0m core-foundation v0.10.1
[1m[92m   Compiling[0m coreaudio-sys v0.2.18
[1m[92m   Compiling[0m glutin-winit v0.5.0
[1m[92m    Checking[0m cgl v0.3.2
[1m[92m    Checking[0m pxfm v0.1.30
[1m[92m    Checking[0m webbrowser v1.2.1
[1m[92m    Checking[0m png v0.18.1
[1m[92m    Checking[0m accesskit_winit v0.22.4
[1m[92m    Checking[0m moxcms v0.8.1
[1m[92m    Checking[0m osr-net v0.1.0 (/Users/runner/work/OpenSoundRelay/OpenSoundRelay/crates/osr-net)
crates/osr-net/src/discovery.rs:304:5: [1m[33mwarning[0m: consider using `sort_by_key`
[1m[33mwarning[0m: `osr-net` (lib) generated 1 warning (run `cargo clippy --fix --lib -p osr-net -- ` to apply 1 suggestion)
[1m[92m    Checking[0m arboard v3.6.1
[1m[92m   Compiling[0m cpal v0.15.3
[1m[92m   Compiling[0m litrs v1.0.0
[1m[92m    Checking[0m byteorder-lite v0.1.0
[1m[92m    Checking[0m glow v0.14.2
[1m[92m    Checking[0m web-time v1.1.0
[1m[92m    Checking[0m egui-winit v0.29.1
[1m[92m    Checking[0m egui_glow v0.29.1
[1m[92m   Compiling[0m document-features v0.2.12
[1m[92m    Checking[0m image v0.25.10
[1m[92m    Checking[0m mach2 v0.4.3
[1m[92m    Checking[0m dasp_sample v0.11.0
[1m[92m    Checking[0m static_assertions v1.1.0
[1m[92m    Checking[0m osr-cli v0.1.0 (/Users/runner/work/OpenSoundRelay/OpenSoundRelay/crates/osr-cli)
crates/osr-cli/src/main.rs:94:15: [1m[91merror[E0004][0m: non-exhaustive patterns: `osr_net::IncomingPacket::DeviceVolume { .. }` not covered: pattern `osr_net::IncomingPacket::DeviceVolume { .. }` not covered
[1m[91merror[0m: could not compile `osr-cli` (bin "osr-cli") due to 1 previous error
[1m[33mwarning[0m: build failed, waiting for other jobs to finish...
